[2023-04-26 14:45:11,468][   train_val.py][line:  63][    INFO] args: Namespace(config='./config.yaml', evaluate=True, local_rank=None)
[2023-04-26 14:45:11,470][   train_val.py][line:  64][    INFO] config: {'criterion': [{'kwargs': {'weight': 1.0},
                'name': 'FeatureMSELoss',
                'type': 'FeatureMSELoss'}],
 'dataset': {'batch_size': 128,
             'input_size': [224, 224],
             'normals': [0,
                         1,
                         2,
                         3,
                         4,
                         5,
                         6,
                         7,
                         8,
                         9,
                         10,
                         11,
                         12,
                         13,
                         14,
                         15,
                         16,
                         17,
                         18,
                         19,
                         20,
                         21,
                         22,
                         23,
                         24,
                         25,
                         26,
                         27,
                         28,
                         29,
                         30,
                         31,
                         32,
                         33,
                         34,
                         35,
                         36,
                         37,
                         38,
                         39,
                         40,
                         41,
                         42,
                         43,
                         44,
                         45,
                         46,
                         47,
                         48,
                         49,
                         50,
                         51,
                         52,
                         53,
                         54,
                         55,
                         56,
                         57,
                         58,
                         59,
                         60,
                         61,
                         62,
                         63,
                         64,
                         65,
                         66,
                         67,
                         68,
                         69,
                         70,
                         71,
                         72,
                         73,
                         74,
                         75,
                         76,
                         77,
                         78,
                         79,
                         80,
                         81,
                         82,
                         83,
                         84,
                         85,
                         86,
                         87,
                         88,
                         89,
                         90,
                         91,
                         92,
                         93,
                         94,
                         95,
                         96,
                         97,
                         98,
                         99],
             'test': {'root_dir': '../../../data/CIFAR-100/'},
             'train': {'root_dir': '../../../data/CIFAR-100/'},
             'type': 'custom',
             'workers': 4},
 'evaluator': {'eval_dir': './result_eval_temp',
               'key_metric': 'mean_mean_auc',
               'metrics': {'auc': [{'name': 'mean'},
                                   {'name': 'std'},
                                   {'kwargs': {'avgpool_size': [16, 16]},
                                    'name': 'max'}]},
               'save_dir': 'result_eval_temp'},
 'exp_path': '.',
 'frozen_layers': ['backbone'],
 'log_path': './log/',
 'net': [{'frozen': True,
          'kwargs': {'outblocks': [1, 5, 9, 21, 31],
                     'outstrides': [2, 4, 8, 16, 32],
                     'pretrained': True},
          'name': 'backbone',
          'type': 'models.backbones.efficientnet_b4'},
         {'kwargs': {'outplanes': [720], 'outstrides': [16]},
          'name': 'neck',
          'prev': 'backbone',
          'type': 'models.necks.MFCN'},
         {'kwargs': {'activation': 'relu',
                     'dim_feedforward': 1024,
                     'dropout': 0.1,
                     'feature_jitter': {'prob': 1.0, 'scale': 20.0},
                     'feature_size': [14, 14],
                     'hidden_dim': 256,
                     'initializer': {'method': 'xavier_uniform'},
                     'neighbor_mask': {'mask': [True, True, True],
                                       'neighbor_size': [7, 7]},
                     'nhead': 8,
                     'normalize_before': False,
                     'num_decoder_layers': 4,
                     'num_encoder_layers': 4,
                     'pos_embed_type': 'learned',
                     'save_recon': False},
          'name': 'reconstruction',
          'prev': 'neck',
          'type': 'models.reconstructions.UniAD'}],
 'port': 11111,
 'random_seed': 131,
 'save_path': './checkpoints/',
 'saver': {'always_save': True,
           'auto_resume': True,
           'load_path': 'checkpoints/ckpt.pth.tar',
           'log_dir': 'log/',
           'save_dir': 'checkpoints/'},
 'trainer': {'clip_max_norm': 0.1,
             'lr_scheduler': {'kwargs': {'gamma': 0.1, 'step_size': 800},
                              'type': 'StepLR'},
             'max_epoch': 400,
             'optimizer': {'kwargs': {'lr': 0.0001, 'weight_decay': 0.0001},
                           'type': 'AdamW'},
             'print_freq_step': 1,
             'tb_freq_step': 1,
             'val_freq_epoch': 10},
 'version': 'v1.0.0'}
[2023-04-26 14:45:11,824][       utils.py][line: 740][    INFO]  not exist, load from https://github.com/lukemelas/EfficientNet-PyTorch/releases/download/1.0/efficientnet-b4-6ed6700e.pth
[2023-04-26 14:45:11,874][       utils.py][line: 761][    INFO] Loaded ImageNet pretrained efficientnet-b4
[2023-04-26 14:45:12,815][   train_val.py][line:  91][    INFO] layers: ['backbone', 'neck', 'reconstruction']
[2023-04-26 14:45:12,816][   train_val.py][line:  92][    INFO] active layers: ['neck', 'reconstruction']
[2023-04-26 14:45:16,875][custom_dataset.py][line: 309][    INFO] building CustomDataset from: ../../../data/CIFAR-100/
[2023-04-26 14:45:17,100][custom_dataset.py][line: 309][    INFO] building CustomDataset from: ../../../data/CIFAR-100/
[2023-04-26 14:45:20,533][   train_val.py][line: 286][    INFO] Test: [1/29]	Time 3.332 (3.332)
[2023-04-26 14:45:20,961][   train_val.py][line: 286][    INFO] Test: [2/29]	Time 0.428 (1.880)
[2023-04-26 14:45:21,367][   train_val.py][line: 286][    INFO] Test: [3/29]	Time 0.406 (1.389)
[2023-04-26 14:45:21,768][   train_val.py][line: 286][    INFO] Test: [4/29]	Time 0.400 (1.142)
[2023-04-26 14:45:22,170][   train_val.py][line: 286][    INFO] Test: [5/29]	Time 0.402 (0.994)
[2023-04-26 14:45:22,583][   train_val.py][line: 286][    INFO] Test: [6/29]	Time 0.413 (0.897)
[2023-04-26 14:45:22,983][   train_val.py][line: 286][    INFO] Test: [7/29]	Time 0.400 (0.826)
[2023-04-26 14:45:23,384][   train_val.py][line: 286][    INFO] Test: [8/29]	Time 0.401 (0.773)
[2023-04-26 14:45:23,798][   train_val.py][line: 286][    INFO] Test: [9/29]	Time 0.414 (0.733)
[2023-04-26 14:45:24,204][   train_val.py][line: 286][    INFO] Test: [10/29]	Time 0.406 (0.700)
[2023-04-26 14:45:24,610][   train_val.py][line: 286][    INFO] Test: [11/29]	Time 0.407 (0.674)
[2023-04-26 14:45:25,018][   train_val.py][line: 286][    INFO] Test: [12/29]	Time 0.407 (0.651)
[2023-04-26 14:45:25,418][   train_val.py][line: 286][    INFO] Test: [13/29]	Time 0.400 (0.632)
[2023-04-26 14:45:25,819][   train_val.py][line: 286][    INFO] Test: [14/29]	Time 0.401 (0.616)
[2023-04-26 14:45:26,231][   train_val.py][line: 286][    INFO] Test: [15/29]	Time 0.411 (0.602)
[2023-04-26 14:45:26,631][   train_val.py][line: 286][    INFO] Test: [16/29]	Time 0.400 (0.589)
[2023-04-26 14:45:27,033][   train_val.py][line: 286][    INFO] Test: [17/29]	Time 0.402 (0.578)
[2023-04-26 14:45:27,445][   train_val.py][line: 286][    INFO] Test: [18/29]	Time 0.412 (0.569)
[2023-04-26 14:45:27,843][   train_val.py][line: 286][    INFO] Test: [19/29]	Time 0.398 (0.560)
[2023-04-26 14:45:28,243][   train_val.py][line: 286][    INFO] Test: [20/29]	Time 0.400 (0.552)
[2023-04-26 14:45:28,658][   train_val.py][line: 286][    INFO] Test: [21/29]	Time 0.416 (0.546)
[2023-04-26 14:45:29,055][   train_val.py][line: 286][    INFO] Test: [22/29]	Time 0.397 (0.539)
[2023-04-26 14:45:29,454][   train_val.py][line: 286][    INFO] Test: [23/29]	Time 0.398 (0.533)
[2023-04-26 14:45:29,862][   train_val.py][line: 286][    INFO] Test: [24/29]	Time 0.409 (0.528)
[2023-04-26 14:45:30,260][   train_val.py][line: 286][    INFO] Test: [25/29]	Time 0.397 (0.522)
[2023-04-26 14:45:30,657][   train_val.py][line: 286][    INFO] Test: [26/29]	Time 0.397 (0.518)
[2023-04-26 14:45:31,059][   train_val.py][line: 286][    INFO] Test: [27/29]	Time 0.402 (0.513)
[2023-04-26 14:45:31,460][   train_val.py][line: 286][    INFO] Test: [28/29]	Time 0.401 (0.509)
[2023-04-26 14:45:32,299][   train_val.py][line: 286][    INFO] Test: [29/29]	Time 0.839 (0.521)
[2023-04-26 14:45:32,455][   train_val.py][line: 302][    INFO] Gathering final results ...
[2023-04-26 14:45:32,455][   train_val.py][line: 304][    INFO]  * Loss 2.55235	total_num=14808.0
[2023-04-26 14:45:59,847][ eval_helper.py][line: 222][    INFO] 
|  clsname  |   mean   |   std    |   max   |
|:---------:|:--------:|:--------:|:-------:|
|   cifar   | 0.849082 | 0.805214 | 0.78968 |
|   mean    | 0.849082 | 0.805214 | 0.78968 |
